
> auth-milestone-backend@1.0.0 start
> node server.js

Starting server...
Imports loaded. Configuring dotenv...
Setting up middleware...
Setting up routes...
Retrieved Config - PORT: 5002, MONGO_URI: mongodb://localhost:27017/auth_milestone
Connecting to MongoDB...
node.exe : 
(node:27292) 
[DEP0040] 
DeprecationWarning: 
The `punycode` 
module is 
deprecated. Please 
use a userland 
alternative instead.
At C:\Program Files\n
odejs\npm.ps1:29 
char:3
+   & $NODE_EXE 
$NPM_CLI_JS $args
+   ~~~~~~~~~~~~~~~~~
~~~~~~~~~~~~
    + CategoryInfo   
           : NotSpe  
  cified: ((node:2   
 7292) [D...nativ    
e instead.:Strin    
g) [], RemoteExc    
eption
    + FullyQualified 
   ErrorId : Native  
  CommandError
 
(Use `node 
--trace-deprecation 
...` to show where 
the warning was 
created)
MongoDB Connected successfully
GridFS Initialized
node:events:496
      throw er; // 
Unhandled 'error' 
event
      ^

Error: listen 
EADDRINUSE: address 
already in use 
:::5002
    at Server.setupLi
stenHandle [as 
_listen2] 
(node:net:1907:16)
    at 
listenInCluster 
(node:net:1964:12)
    at Server.listen 
(node:net:2066:7)
    at 
Function.listen 
(E:\FYP setup\mobile_
app_wise_wallet\mobil
e_app_wise_wallet\bac
kend\node_modules\exp
ress\lib\application.
js:635:24)
    at file:///E:/FYP
%20setup/mobile_app_w
ise_wallet/mobile_app
_wise_wallet/backend/
server.js:53:13
    at process.proces
sTicksAndRejections (
node:internal/process
/task_queues:105:5)
Emitted 'error' 
event on Server 
instance at:
    at emitErrorNT 
(node:net:1943:8)
    at process.proces
sTicksAndRejections (
node:internal/process
/task_queues:90:21) {
  code: 'EADDRINUSE',
  errno: -4091,
  syscall: 'listen',
  address: '::',
  port: 5002
}

Node.js v22.11.0
