Starting server...
Imports loaded. Configuring dotenv...
Setting up middleware...
Setting up routes...
Retrieved Config - PORT: 5002, MONGO_URI: mongodb://localhost:27017/auth_milestone
Connecting to MongoDB...
node : (node:24368) 
[DEP0040] 
DeprecationWarning: 
The `punycode` 
module is 
deprecated. Please 
use a userland 
alternative instead.
At line:1 char:1
+ node server.js > 
server_output.log 
2>&1
+ ~~~~~~~~~~~~~~~~~~~
~~~~~~~~~~~~~~~~~~~~
    + CategoryInfo   
           : NotSpe  
  cified: ((node:2   
 4368) [D...nativ    
e instead.:Strin    
g) [], RemoteExc    
eption
    + FullyQualified 
   ErrorId : Native  
  CommandError
 
(Use `node 
--trace-deprecation 
...` to show where 
the warning was 
created)
MongoDB Connected successfully
GridFS Initialized
Server running on port 5002

